{"action": "NORMAL", "meta": "", "data": "P 1 5"} Received from client 0
{"action": "NORMAL", "meta": "", "data": "P 0 0"} Received from client 1
{"action": "NORMAL", "meta": "", "data": "P 2 0"} Received from client 0
{"action": "NORMAL", "meta": "", "data": "P 2 9"} Received from client 1
{"action": "NORMAL", "meta": "", "data": "P 2 7"} Received from client 0
{"action": "NORMAL", "meta": "", "data": "P 1 1"} Received from client 1
{"action": "NORMAL", "meta": "", "data": "P 1 3"} Received from client 0
{"action": "NORMAL", "meta": "", "data": "P 2 3"} Received from client 1
{"action": "NORMAL", "meta": "", "data": "P 3 3"} Received from client 0
{"action": "NORMAL", "meta": "", "data": "P 3 5"} Received from client 1
{"action": "NORMAL", "meta": "", "data": "P 3 14"} Received from client 0
{"action": "NORMAL", "meta": "", "data": "P 3 8"} Received from client 1
{"action": "NORMAL", "meta": "", "data": "S 2 0 M 3 0"} Received from client 0
{"action": "NORMAL", "meta": "", "data": "S 1 1 M 2 1"} Received from client 1
{"action": "NORMAL", "meta": "", "data": "S 3 0 M 4 0"} Received from client 0
{"action": "NORMAL", "meta": "", "data": "S 2 1 M 3 17"} Received from client 1
{"action": "NORMAL", "meta": "", "data": "S 3 14 M 3 1"} Received from client 0
{"action": "NORMAL", "meta": "", "data": "S 3 17 M 2 2"} Received from client 1
{"action": "NORMAL", "meta": "", "data": "S 3 1 M 4 1"} Received from client 0
{"action": "NORMAL", "meta": "", "data": "S 2 9 M 4 19"} Received from client 1
{"action": "NORMAL", "meta": "", "data": "S 1 5 M 3 13"} Received from client 0
{"action": "NORMAL", "meta": "", "data": "S 0 0 M 2 10"} Received from client 1
{"action": "NORMAL", "meta": "", "data": "S 1 3 M 1 0"} Received from client 0
{"action": "NORMAL", "meta": "", "data": "S 2 10 M 2 8"} Received from client 1
{"action": "NORMAL", "meta": "", "data": "S 1 0 M 2 11"} Received from client 0
{"action": "NORMAL", "meta": "", "data": "S 2 2 M 4 2"} Received from client 1
{"action": "NORMAL", "meta": "", "data": "S 2 11 M 3 16"} Received from client 0
{"action": "NORMAL", "meta": "", "data": "S 4 19 M 3 15"} Received from client 1
{"action": "NORMAL", "meta": "", "data": "S 4 1 M 5 1"} Received from client 0
{"action": "NORMAL", "meta": "", "data": "S 3 15 M 4 21"} Received from client 1
{"action": "NORMAL", "meta": "", "data": "S 5 1 M 6 1"} Received from client 0
{"action": "NORMAL", "meta": "", "data": "S 2 8 M 1 4"} Received from client 1
{"action": "NORMAL", "meta": "", "data": "S 3 16 M 3 11"} Received from client 0
{"action": "NORMAL", "meta": "", "data": "S 1 4 M 3 12"} Received from client 1
{"action": "NORMAL", "meta": "", "data": "S 6 1 M 6 2"} Received from client 0
{"action": "NORMAL", "meta": "", "data": "S 4 21 M 4 23"} Received from client 1
{"action": "NORMAL", "meta": "", "data": "S 3 3 M 3 2"} Received from client 0
{"action": "NORMAL", "meta": "", "data": "S 3 5 M 4 3"} Received from client 1
{"action": "NORMAL", "meta": "", "data": "S 3 2 M 4 5"} Received from client 0
{"action": "NORMAL", "meta": "", "data": "S 4 3 M 3 4"} Received from client 1
{"action": "NORMAL", "meta": "", "data": "S 3 13 M 5 27"} Received from client 0
{"action": "NORMAL", "meta": "", "data": "S 3 4 M 4 6"} Received from client 1
{"action": "NORMAL", "meta": "", "data": "S 2 7 M 4 18"} Received from client 0
{"action": "NORMAL", "meta": "", "data": "S 4 23 M 4 20"} Received from client 1
{"action": "NORMAL", "meta": "", "data": "S 5 27 M 5 26"} Received from client 0
{"action": "NORMAL", "meta": "", "data": "S 4 6 M 5 7"} Received from client 1
{"action": "NORMAL", "meta": "", "data": "S 3 11 M 1 2"} Received from client 0
{"action": "NORMAL", "meta": "", "data": "S 5 7 M 5 6"} Received from client 1
{"action": "NORMAL", "meta": "", "data": "S 4 5 M 4 7"} Received from client 0
{"action": "NORMAL", "meta": "", "data": "S 2 3 M 2 4"} Received from client 1
{"action": "NORMAL", "meta": "", "data": "S 1 2 M 4 15"} Received from client 0
{"action": "NORMAL", "meta": "", "data": "S 2 4 M 3 6"} Received from client 1
{"action": "NORMAL", "meta": "", "data": "S 4 18 M 5 22"} Received from client 0
{"action": "NORMAL", "meta": "", "data": "S 3 8 M 5 23"} Received from client 1
{"action": "NORMAL", "meta": "", "data": "S 6 2 M 5 2"} Received from client 0
{"action": "NORMAL", "meta": "", "data": "S 3 6 M 4 9"} Received from client 1
{"action": "NORMAL", "meta": "", "data": "S 4 7 M 3 7"} Received from client 0
{"action": "NORMAL", "meta": "", "data": "S 4 20 M 4 8 RS 2 8 RE 3 3 X 4 9"} Received from client 1
{"action": "NORMAL", "meta": "", "data": "RS 3 13 RE 3 2 X 4 15 S 3 7 M 5 8"} Received from client 0
{"action": "NORMAL", "meta": "", "data": "S 3 12 M 4 17"} Received from client 1
{"action": "NORMAL", "meta": "", "data": "S 5 2 M 6 3"} Received from client 0
{"action": "NORMAL", "meta": "", "data": "S 4 8 M 0 0"} Received from client 1
{"action": "NORMAL", "meta": "", "data": "S 6 3 M 6 4"} Received from client 0
{"action": "NORMAL", "meta": "", "data": "S 5 6 M 4 15"} Received from client 1
{"action": "NORMAL", "meta": "", "data": "S 5 8 M 3 9"} Received from client 0
{"action": "NORMAL", "meta": "", "data": "S 4 17 M 4 16"} Received from client 1
{"action": "NORMAL", "meta": "", "data": "S 5 22 M 3 10"} Received from client 0
{"action": "NORMAL", "meta": "", "data": "S 4 2 M 6 26"} Received from client 1
{"action": "NORMAL", "meta": "", "data": "S 6 4 M 6 5"} Received from client 0
{"action": "NORMAL", "meta": "", "data": "S 5 23 M 3 13"} Received from client 1
{"action": "NORMAL", "meta": "", "data": "S 6 5 M 3 2"} Received from client 0
{"action": "NORMAL", "meta": "", "data": "S 3 13 M 2 6"} Received from client 1
{"action": "NORMAL", "meta": "", "data": "S 3 10 M 1 4"} Received from client 0
{"action": "NORMAL", "meta": "", "data": "S 2 6 M 2 8"} Received from client 1
{"action": "NORMAL", "meta": "", "data": "S 1 4 M 5 29 RS 3 16 RE 6 3 X 3 9"} Received from client 0
{"action": "NORMAL", "meta": "", "data": "S 4 15 M 5 19"} Received from client 1
{"action": "NORMAL", "meta": "", "data": "S 3 2 M 3 0"} Received from client 0
{"action": "NORMAL", "meta": "", "data": "S 5 19 M 5 18 RS 5 19 RE 1 2 X 5 18"} Received from client 1
{"action": "NORMAL", "meta": "", "data": "S 3 0 M 6 27"} Received from client 0
{"action": "NORMAL", "meta": "", "data": "S 0 0 M 5 25"} Received from client 1
{"action": "NORMAL", "meta": "", "data": "S 5 26 M 3 16"} Received from client 0
{"action": "NORMAL", "meta": "", "data": "S 5 25 M 5 28"} Received from client 1
{"action": "NORMAL", "meta": "", "data": "S 4 0 M 4 22"} Received from client 0
{"action": "NORMAL", "meta": "", "data": "S 5 28 M 3 3"} Received from client 1
{"action": "NORMAL", "meta": "", "data": "S 3 16 M 4 1"} Received from client 0
{"action": "NORMAL", "meta": "", "data": "S 3 3 M 1 1"} Received from client 1
{"action": "KILLPROC", "meta": "INVALID MOVE BY PLAYER 1 : Player 1 SCORE : 2.028 : Player 2 SCORE : 8.023", "data": ""} Received from client 0
